{
  "RSpec": {
    "coverage": {
      "/Users/darylwatson/Desktop/projects/Guess-Who/app/server.rb": [
        1,
        1,
        1,
        1,
        1,
        null,
        1,
        null,
        1,
        1,
        null,
        82,
        1,
        1,
        1,
        null,
        1,
        11,
        88,
        88,
        88,
        null,
        11,
        11,
        11,
        null,
        null,
        1,
        22,
        11,
        11,
        11,
        null,
        null,
        11,
        11,
        11,
        null,
        null,
        22,
        null,
        null,
        1,
        22,
        22,
        null,
        null,
        1,
        11,
        11,
        11,
        11,
        11,
        null,
        null,
        1,
        9,
        9,
        9,
        6,
        6,
        null,
        3,
        3,
        null,
        9,
        9,
        9,
        9,
        null,
        null,
        1,
        6,
        5,
        5,
        null,
        1,
        1,
        null,
        null,
        6,
        null,
        3,
        3,
        3,
        3,
        null,
        null,
        1,
        3,
        3,
        null,
        null,
        1,
        0,
        null,
        null,
        1,
        12,
        8,
        null,
        4,
        null,
        null,
        null,
        1,
        15,
        15,
        15,
        null,
        null,
        1,
        23,
        23,
        23,
        null
      ],
      "/Users/darylwatson/Desktop/projects/Guess-Who/app/models/game.rb": [
        1,
        1,
        1,
        1,
        null,
        1,
        null,
        null,
        1,
        null,
        1,
        null,
        1,
        62,
        null,
        null,
        1,
        36,
        null,
        null,
        1,
        57,
        34,
        null,
        23,
        null,
        null,
        null,
        1,
        23,
        23,
        23,
        23,
        null,
        null,
        null,
        12,
        null,
        null,
        null,
        null,
        11,
        null,
        null,
        null,
        1,
        23,
        405,
        null,
        null,
        null,
        1,
        12,
        12,
        12,
        null,
        null,
        1,
        11,
        11,
        11,
        null,
        null,
        1,
        23,
        101,
        23,
        null,
        null,
        1,
        28,
        83,
        83,
        63,
        null,
        20,
        null,
        83,
        null,
        null,
        null,
        1,
        18,
        9,
        4,
        null,
        5,
        5,
        null,
        null,
        null,
        null
      ],
      "/Users/darylwatson/Desktop/projects/Guess-Who/app/models/crowd.rb": [
        1,
        1,
        null,
        1,
        null,
        1,
        null
      ],
      "/Users/darylwatson/Desktop/projects/Guess-Who/app/models/person_traits.rb": [
        1,
        1,
        null,
        1,
        null,
        1,
        1,
        null
      ],
      "/Users/darylwatson/Desktop/projects/Guess-Who/app/models/person.rb": [
        1,
        1,
        null,
        1,
        1,
        1,
        1,
        1,
        null,
        1,
        1,
        1,
        null
      ],
      "/Users/darylwatson/Desktop/projects/Guess-Who/app/models/trait.rb": [
        1,
        1,
        null,
        1,
        1,
        null,
        1,
        null
      ],
      "/Users/darylwatson/Desktop/projects/Guess-Who/spec/test_database_setup.rb": [
        1,
        null,
        1,
        null,
        1,
        1,
        1,
        1,
        1,
        1,
        null,
        1,
        null,
        1
      ],
      "/Users/darylwatson/Desktop/projects/Guess-Who/app/models/person_player.rb": [
        1,
        1,
        null,
        1,
        null,
        1,
        1,
        null
      ],
      "/Users/darylwatson/Desktop/projects/Guess-Who/app/models/player.rb": [
        1,
        1,
        null,
        1,
        null,
        1,
        null
      ],
      "/Users/darylwatson/Desktop/projects/Guess-Who/spec/crowd_spec.rb": [
        1,
        1,
        1,
        1,
        1,
        null,
        null,
        null
      ],
      "/Users/darylwatson/Desktop/projects/Guess-Who/spec/features/asking_spec.rb": [
        1,
        null,
        1,
        1,
        1,
        2,
        2,
        2,
        2,
        2,
        2,
        2,
        null,
        1,
        1,
        1,
        1,
        1,
        1,
        null,
        1,
        1,
        1,
        1,
        1,
        1,
        1,
        1,
        1,
        1,
        null,
        null,
        null,
        1,
        1,
        2,
        2,
        2,
        2,
        2,
        2,
        2,
        null,
        1,
        1,
        1,
        1,
        1,
        1,
        null,
        1,
        1,
        1,
        1,
        1,
        1,
        1,
        1,
        1,
        null,
        null,
        null
      ],
      "/Users/darylwatson/Desktop/projects/Guess-Who/spec/features/choosing_character_spec.rb": [
        1,
        null,
        1,
        1,
        1,
        1,
        1,
        1,
        1,
        1,
        1,
        1,
        1,
        1,
        1,
        1,
        null,
        1,
        1,
        1,
        1,
        1,
        1,
        1,
        1,
        null,
        null
      ],
      "/Users/darylwatson/Desktop/projects/Guess-Who/spec/features/grand_feature_spec.rb": [
        1,
        null,
        1,
        1,
        1,
        1,
        1,
        1,
        1,
        1,
        1,
        1,
        null,
        1,
        1,
        1,
        1,
        1,
        1,
        1,
        1,
        1,
        1,
        1,
        1,
        1,
        1,
        1,
        1,
        1,
        1,
        1,
        1,
        1,
        1,
        1,
        1,
        1,
        null,
        null,
        null
      ],
      "/Users/darylwatson/Desktop/projects/Guess-Who/spec/features/winning_the_game_spec.rb": [
        1,
        1,
        null,
        1,
        1,
        1,
        2,
        2,
        2,
        2,
        2,
        2,
        2,
        null,
        1,
        1,
        1,
        1,
        1,
        1,
        null,
        1,
        1,
        1,
        1,
        1,
        1,
        1,
        null,
        null,
        null,
        1,
        1,
        2,
        2,
        2,
        2,
        2,
        2,
        2,
        null,
        1,
        1,
        1,
        1,
        1,
        1,
        null,
        1,
        1,
        1,
        1,
        1,
        1,
        1,
        null,
        null,
        null
      ],
      "/Users/darylwatson/Desktop/projects/Guess-Who/crowd_data.rb": [
        1,
        null,
        1,
        39,
        39,
        null,
        null,
        39,
        null,
        null,
        39,
        null,
        null,
        39,
        null,
        null,
        39,
        null,
        null,
        39,
        39,
        39,
        39,
        null,
        39,
        null,
        39,
        null,
        39,
        null,
        39,
        null,
        39,
        null,
        null,
        null,
        1,
        3,
        9,
        null,
        null,
        3,
        null,
        null,
        3,
        null,
        null,
        3,
        null,
        null,
        3,
        null,
        null,
        3,
        null,
        null,
        3,
        null,
        null,
        3,
        null,
        null,
        3,
        null,
        null,
        3,
        null,
        null,
        3,
        null,
        null,
        3,
        null,
        null,
        3,
        null,
        null,
        3,
        null,
        null,
        3,
        null,
        null,
        3,
        null,
        null,
        3,
        null,
        null,
        null,
        null,
        null,
        3,
        3,
        3,
        3,
        3,
        3,
        3,
        3,
        3,
        3,
        3,
        3,
        3,
        3,
        3,
        3,
        3,
        3,
        3,
        3,
        null,
        3,
        3,
        3,
        3,
        3,
        3,
        3,
        3,
        3,
        3,
        3,
        3,
        3,
        3,
        3,
        3,
        3,
        3,
        null,
        3,
        36,
        null,
        null,
        3,
        12,
        null,
        null,
        3,
        15,
        null,
        null,
        3,
        6,
        null,
        null,
        3,
        27,
        null,
        null,
        3,
        18,
        null,
        null,
        3,
        9,
        null,
        null,
        3,
        18,
        null,
        null,
        3,
        21,
        null,
        null,
        3,
        9,
        null,
        null,
        3,
        12,
        null,
        null,
        3,
        36,
        null,
        null,
        3,
        6,
        null,
        null,
        3,
        15,
        null,
        null,
        3,
        21,
        null,
        null,
        3,
        3,
        null,
        null,
        3,
        6,
        null,
        null,
        3,
        9,
        null,
        null,
        3,
        null,
        3,
        null,
        null
      ],
      "/Users/darylwatson/Desktop/projects/Guess-Who/spec/game_spec.rb": [
        1,
        1,
        1,
        null,
        1,
        1,
        31,
        null,
        null,
        1,
        1,
        1,
        null,
        1,
        1,
        null,
        1,
        1,
        null,
        1,
        1,
        null,
        null,
        null,
        1,
        2,
        1,
        1,
        1,
        null,
        1,
        1,
        1,
        null,
        null,
        null,
        1,
        2,
        null,
        1,
        1,
        1,
        null,
        1,
        1,
        1,
        1,
        1,
        1,
        null,
        null,
        null,
        1,
        2,
        2,
        2,
        2,
        null,
        1,
        1,
        1,
        1,
        null,
        1,
        1,
        1,
        1,
        null,
        1,
        1,
        1,
        null,
        1,
        1,
        1,
        1,
        null,
        null,
        null,
        1,
        1,
        1,
        1,
        null,
        1,
        1,
        1,
        1,
        null,
        1,
        1,
        1,
        null,
        1,
        1,
        1,
        1,
        null,
        null,
        null,
        1,
        1,
        1,
        1,
        null,
        1,
        1,
        1,
        1,
        null,
        1,
        1,
        1,
        null,
        1,
        1,
        1,
        1,
        null,
        null,
        null,
        null,
        1,
        1,
        1,
        1,
        1,
        null,
        1,
        1,
        1,
        1,
        null,
        null,
        null,
        1,
        1,
        1,
        1,
        null,
        1,
        1,
        1,
        null,
        1,
        1,
        1,
        1,
        null,
        null,
        null
      ],
      "/Users/darylwatson/Desktop/projects/Guess-Who/spec/person_spec.rb": [
        1,
        1,
        1,
        1,
        1,
        null,
        null,
        1,
        null,
        null,
        null
      ],
      "/Users/darylwatson/Desktop/projects/Guess-Who/spec/person_traits_spec.rb": [
        1,
        1,
        1,
        1,
        1,
        null,
        null,
        1,
        1,
        null,
        1,
        null,
        null,
        null
      ],
      "/Users/darylwatson/Desktop/projects/Guess-Who/spec/trait_spec.rb": [
        1,
        1,
        1,
        2,
        2,
        null,
        null,
        null,
        1,
        1,
        1,
        null,
        null,
        1,
        1,
        1,
        null,
        null,
        null
      ]
    },
    "timestamp": 1438106841
  }
}
